2019-09-05 13:00:15.055 ERROR 8870 --- [restartedMain] o.s.b.c.l.LoggingApplicationListener     : Cannot set level '' for 'null'
2019-09-05 13:00:15.055 ERROR 8870 --- [restartedMain] o.s.b.c.l.LoggingApplicationListener     : Cannot set level 'FULL' for 'project.user.UserClient'
2019-09-05 13:00:15.067  INFO 8870 --- [restartedMain] c.u.m.CustomerServiceApplication         : No active profile set, falling back to default profiles: default
2019-09-05 13:00:15.479  INFO 8870 --- [restartedMain] .s.d.r.c.RepositoryConfigurationDelegate : Bootstrapping Spring Data repositories in DEFAULT mode.
2019-09-05 13:00:15.489  INFO 8870 --- [restartedMain] .s.d.r.c.RepositoryConfigurationDelegate : Finished Spring Data repository scanning in 5ms. Found 0 repository interfaces.
2019-09-05 13:00:15.691  INFO 8870 --- [restartedMain] o.s.cloud.context.scope.GenericScope     : BeanFactory id=0b13b5dd-4238-3824-8083-8851044752b0
2019-09-05 13:00:15.770  INFO 8870 --- [restartedMain] trationDelegate$BeanPostProcessorChecker : Bean 'org.springframework.transaction.annotation.ProxyTransactionManagementConfiguration' of type [org.springframework.transaction.annotation.ProxyTransactionManagementConfiguration$$EnhancerBySpringCGLIB$$38cbbc70] is not eligible for getting processed by all BeanPostProcessors (for example: not eligible for auto-proxying)
2019-09-05 13:00:15.784  INFO 8870 --- [restartedMain] trationDelegate$BeanPostProcessorChecker : Bean 'org.springframework.cloud.autoconfigure.ConfigurationPropertiesRebinderAutoConfiguration' of type [org.springframework.cloud.autoconfigure.ConfigurationPropertiesRebinderAutoConfiguration$$EnhancerBySpringCGLIB$$54e5bf6d] is not eligible for getting processed by all BeanPostProcessors (for example: not eligible for auto-proxying)
2019-09-05 13:00:16.091  INFO 8870 --- [restartedMain] o.s.b.w.embedded.tomcat.TomcatWebServer  : Tomcat initialized with port(s): 6161 (http)
2019-09-05 13:00:16.108  INFO 8870 --- [restartedMain] o.apache.catalina.core.StandardService   : Starting service [Tomcat]
2019-09-05 13:00:16.108  INFO 8870 --- [restartedMain] org.apache.catalina.core.StandardEngine  : Starting Servlet engine: [Apache Tomcat/9.0.22]
2019-09-05 13:00:16.201  INFO 8870 --- [restartedMain] o.a.c.c.C.[Tomcat].[localhost].[/]       : Initializing Spring embedded WebApplicationContext
2019-09-05 13:00:16.202  INFO 8870 --- [restartedMain] o.s.web.context.ContextLoader            : Root WebApplicationContext: initialization completed in 1127 ms
2019-09-05 13:00:16.408  INFO 8870 --- [restartedMain] com.zaxxer.hikari.HikariDataSource       : HikariPool-1 - Starting...
2019-09-05 13:00:16.409  WARN 8870 --- [restartedMain] com.zaxxer.hikari.util.DriverDataSource  : Registered driver with driverClassName=org.hsqldb.jdbcDriver was not found, trying direct instantiation.
2019-09-05 13:00:16.547  INFO 8870 --- [restartedMain] com.zaxxer.hikari.pool.PoolBase          : HikariPool-1 - Driver does not support get/set network timeout for connections. (feature not supported)
2019-09-05 13:00:16.550  INFO 8870 --- [restartedMain] com.zaxxer.hikari.HikariDataSource       : HikariPool-1 - Start completed.
2019-09-05 13:00:16.586  INFO 8870 --- [restartedMain] o.hibernate.jpa.internal.util.LogHelper  : HHH000204: Processing PersistenceUnitInfo [
	name: default
	...]
2019-09-05 13:00:16.617  INFO 8870 --- [restartedMain] org.hibernate.Version                    : HHH000412: Hibernate Core {5.3.10.Final}
2019-09-05 13:00:16.618  INFO 8870 --- [restartedMain] org.hibernate.cfg.Environment            : HHH000206: hibernate.properties not found
2019-09-05 13:00:16.682  INFO 8870 --- [restartedMain] o.hibernate.annotations.common.Version   : HCANN000001: Hibernate Commons Annotations {5.0.4.Final}
2019-09-05 13:00:16.747  INFO 8870 --- [restartedMain] org.hibernate.dialect.Dialect            : HHH000400: Using dialect: org.hibernate.dialect.HSQLDialect
2019-09-05 13:00:16.843  INFO 8870 --- [restartedMain] o.h.t.schema.internal.SchemaCreatorImpl  : HHH000476: Executing import script 'org.hibernate.tool.schema.internal.exec.ScriptSourceInputNonExistentImpl@272e9aeb'
2019-09-05 13:00:16.845  INFO 8870 --- [restartedMain] j.LocalContainerEntityManagerFactoryBean : Initialized JPA EntityManagerFactory for persistence unit 'default'
2019-09-05 13:00:16.879  INFO 8870 --- [restartedMain] o.s.b.d.a.OptionalLiveReloadServer       : LiveReload server is running on port 35729
2019-09-05 13:00:16.905  WARN 8870 --- [restartedMain] c.n.c.sources.URLConfigurationSource     : No URLs will be polled as dynamic configuration sources.
2019-09-05 13:00:16.905  INFO 8870 --- [restartedMain] c.n.c.sources.URLConfigurationSource     : To enable URLs as dynamic configuration sources, define System property archaius.configurationSource.additionalUrls or make config.properties available on classpath.
2019-09-05 13:00:16.908  WARN 8870 --- [restartedMain] c.n.c.sources.URLConfigurationSource     : No URLs will be polled as dynamic configuration sources.
2019-09-05 13:00:16.908  INFO 8870 --- [restartedMain] c.n.c.sources.URLConfigurationSource     : To enable URLs as dynamic configuration sources, define System property archaius.configurationSource.additionalUrls or make config.properties available on classpath.
2019-09-05 13:00:17.067  INFO 8870 --- [restartedMain] o.s.s.concurrent.ThreadPoolTaskExecutor  : Initializing ExecutorService 'applicationTaskExecutor'
2019-09-05 13:00:17.091  WARN 8870 --- [restartedMain] aWebConfiguration$JpaWebMvcConfiguration : spring.jpa.open-in-view is enabled by default. Therefore, database queries may be performed during view rendering. Explicitly configure spring.jpa.open-in-view to disable this warning
2019-09-05 13:00:17.404  INFO 8870 --- [restartedMain] o.s.c.n.eureka.InstanceInfoFactory       : Setting initial instance status as: STARTING
2019-09-05 13:00:17.428  INFO 8870 --- [restartedMain] com.netflix.discovery.DiscoveryClient    : Initializing Eureka in region us-east-1
2019-09-05 13:00:17.547  INFO 8870 --- [restartedMain] c.n.d.provider.DiscoveryJerseyProvider   : Using JSON encoding codec LegacyJacksonJson
2019-09-05 13:00:17.547  INFO 8870 --- [restartedMain] c.n.d.provider.DiscoveryJerseyProvider   : Using JSON decoding codec LegacyJacksonJson
2019-09-05 13:00:17.627  INFO 8870 --- [restartedMain] c.n.d.provider.DiscoveryJerseyProvider   : Using XML encoding codec XStreamXml
2019-09-05 13:00:17.628  INFO 8870 --- [restartedMain] c.n.d.provider.DiscoveryJerseyProvider   : Using XML decoding codec XStreamXml
2019-09-05 13:00:17.752  INFO 8870 --- [restartedMain] c.n.d.s.r.aws.ConfigClusterResolver      : Resolving eureka endpoints via configuration
2019-09-05 13:00:17.762  INFO 8870 --- [restartedMain] com.netflix.discovery.DiscoveryClient    : Disable delta property : false
2019-09-05 13:00:17.762  INFO 8870 --- [restartedMain] com.netflix.discovery.DiscoveryClient    : Single vip registry refresh property : null
2019-09-05 13:00:17.762  INFO 8870 --- [restartedMain] com.netflix.discovery.DiscoveryClient    : Force full registry fetch : false
2019-09-05 13:00:17.762  INFO 8870 --- [restartedMain] com.netflix.discovery.DiscoveryClient    : Application is null : false
2019-09-05 13:00:17.763  INFO 8870 --- [restartedMain] com.netflix.discovery.DiscoveryClient    : Registered Applications size is zero : true
2019-09-05 13:00:17.763  INFO 8870 --- [restartedMain] com.netflix.discovery.DiscoveryClient    : Application version is -1: true
2019-09-05 13:00:17.763  INFO 8870 --- [restartedMain] com.netflix.discovery.DiscoveryClient    : Getting all instance registry info from the eureka server
2019-09-05 13:00:17.865  INFO 8870 --- [restartedMain] com.netflix.discovery.DiscoveryClient    : The response status is 200
2019-09-05 13:00:17.867  INFO 8870 --- [restartedMain] com.netflix.discovery.DiscoveryClient    : Starting heartbeat executor: renew interval is: 30
2019-09-05 13:00:17.869  INFO 8870 --- [restartedMain] c.n.discovery.InstanceInfoReplicator     : InstanceInfoReplicator onDemand update allowed rate per min is 4
2019-09-05 13:00:17.872  INFO 8870 --- [restartedMain] com.netflix.discovery.DiscoveryClient    : Discovery Client initialized at timestamp 1567706417871 with initial instances count: 1
2019-09-05 13:00:17.874  INFO 8870 --- [restartedMain] o.s.c.n.e.s.EurekaServiceRegistry        : Registering application CUSTOMER-SERVICE with eureka with status UP
2019-09-05 13:00:17.874  INFO 8870 --- [restartedMain] com.netflix.discovery.DiscoveryClient    : Saw local status change event StatusChangeEvent [timestamp=1567706417874, current=UP, previous=STARTING]
2019-09-05 13:00:17.875  INFO 8870 --- [DiscoveryClient-InstanceInfoReplicator-0] com.netflix.discovery.DiscoveryClient    : DiscoveryClient_CUSTOMER-SERVICE/192.168.194.23:customer-service:6161: registering service...
2019-09-05 13:00:17.897  INFO 8870 --- [restartedMain] o.s.b.w.embedded.tomcat.TomcatWebServer  : Tomcat started on port(s): 6161 (http) with context path ''
2019-09-05 13:00:17.898  INFO 8870 --- [restartedMain] .s.c.n.e.s.EurekaAutoServiceRegistration : Updating port to 6161
2019-09-05 13:00:17.898  INFO 8870 --- [DiscoveryClient-InstanceInfoReplicator-0] com.netflix.discovery.DiscoveryClient    : DiscoveryClient_CUSTOMER-SERVICE/192.168.194.23:customer-service:6161 - registration status: 204
2019-09-05 13:00:17.900  INFO 8870 --- [restartedMain] c.u.m.CustomerServiceApplication         : Started CustomerServiceApplication in 3.448 seconds (JVM running for 3.88)
2019-09-05 13:04:46.939  INFO 8870 --- [RMI TCP Connection(19)-127.0.0.1] inMXBeanRegistrar$SpringApplicationAdmin : Application shutdown requested.
2019-09-05 13:04:46.939  INFO 8870 --- [RMI TCP Connection(19)-127.0.0.1] o.s.c.n.e.s.EurekaServiceRegistry        : Unregistering application CUSTOMER-SERVICE with eureka with status DOWN
2019-09-05 13:04:46.939  WARN 8870 --- [RMI TCP Connection(19)-127.0.0.1] com.netflix.discovery.DiscoveryClient    : Saw local status change event StatusChangeEvent [timestamp=1567706686939, current=DOWN, previous=UP]
2019-09-05 13:04:46.939  INFO 8870 --- [DiscoveryClient-InstanceInfoReplicator-0] com.netflix.discovery.DiscoveryClient    : DiscoveryClient_CUSTOMER-SERVICE/192.168.194.23:customer-service:6161: registering service...
2019-09-05 13:04:46.943  INFO 8870 --- [RMI TCP Connection(19)-127.0.0.1] o.s.s.concurrent.ThreadPoolTaskExecutor  : Shutting down ExecutorService 'applicationTaskExecutor'
2019-09-05 13:04:46.945  INFO 8870 --- [DiscoveryClient-InstanceInfoReplicator-0] com.netflix.discovery.DiscoveryClient    : DiscoveryClient_CUSTOMER-SERVICE/192.168.194.23:customer-service:6161 - registration status: 204
2019-09-05 13:04:46.945  INFO 8870 --- [RMI TCP Connection(19)-127.0.0.1] j.LocalContainerEntityManagerFactoryBean : Closing JPA EntityManagerFactory for persistence unit 'default'
2019-09-05 13:04:46.945  INFO 8870 --- [RMI TCP Connection(19)-127.0.0.1] .SchemaDropperImpl$DelayedDropActionImpl : HHH000477: Starting delayed evictData of schema as part of SessionFactory shut-down'
2019-09-05 13:04:46.951  INFO 8870 --- [RMI TCP Connection(19)-127.0.0.1] com.netflix.discovery.DiscoveryClient    : Shutting down DiscoveryClient ...
2019-09-05 13:04:49.952  INFO 8870 --- [RMI TCP Connection(19)-127.0.0.1] com.netflix.discovery.DiscoveryClient    : Unregistering ...
2019-09-05 13:04:49.952  WARN 8870 --- [DiscoveryClient-0] c.netflix.discovery.TimedSupervisorTask  : task supervisor shutting down, can't accept the task
2019-09-05 13:04:49.956  INFO 8870 --- [RMI TCP Connection(19)-127.0.0.1] com.netflix.discovery.DiscoveryClient    : DiscoveryClient_CUSTOMER-SERVICE/192.168.194.23:customer-service:6161 - deregister  status: 200
2019-09-05 13:04:49.965  INFO 8870 --- [RMI TCP Connection(19)-127.0.0.1] com.netflix.discovery.DiscoveryClient    : Completed shut down of DiscoveryClient
2019-09-05 13:04:49.965  INFO 8870 --- [RMI TCP Connection(19)-127.0.0.1] com.zaxxer.hikari.HikariDataSource       : HikariPool-1 - Shutdown initiated...
2019-09-05 13:04:49.966  INFO 8870 --- [RMI TCP Connection(19)-127.0.0.1] com.zaxxer.hikari.HikariDataSource       : HikariPool-1 - Shutdown completed.
2019-09-05 13:04:49.973  INFO 8870 --- [RMI TCP Connection(19)-127.0.0.1] o.apache.catalina.core.StandardService   : Stopping service [Tomcat]
2019-09-05 13:34:45.355 ERROR 11059 --- [restartedMain] o.s.b.c.l.LoggingApplicationListener     : Cannot set level '' for 'null'
2019-09-05 13:34:45.355 ERROR 11059 --- [restartedMain] o.s.b.c.l.LoggingApplicationListener     : Cannot set level 'FULL' for 'project.user.UserClient'
2019-09-05 13:34:45.365  INFO 11059 --- [restartedMain] c.u.m.CustomerServiceApplication         : No active profile set, falling back to default profiles: default
2019-09-05 13:34:45.796  INFO 11059 --- [restartedMain] .s.d.r.c.RepositoryConfigurationDelegate : Bootstrapping Spring Data repositories in DEFAULT mode.
2019-09-05 13:34:45.834  INFO 11059 --- [restartedMain] .s.d.r.c.RepositoryConfigurationDelegate : Finished Spring Data repository scanning in 32ms. Found 1 repository interfaces.
2019-09-05 13:34:46.029  INFO 11059 --- [restartedMain] o.s.cloud.context.scope.GenericScope     : BeanFactory id=e90fe7c5-7448-3c53-894f-18df6173e305
2019-09-05 13:34:46.103  INFO 11059 --- [restartedMain] trationDelegate$BeanPostProcessorChecker : Bean 'org.springframework.transaction.annotation.ProxyTransactionManagementConfiguration' of type [org.springframework.transaction.annotation.ProxyTransactionManagementConfiguration$$EnhancerBySpringCGLIB$$8b4aea0b] is not eligible for getting processed by all BeanPostProcessors (for example: not eligible for auto-proxying)
2019-09-05 13:34:46.116  INFO 11059 --- [restartedMain] trationDelegate$BeanPostProcessorChecker : Bean 'org.springframework.cloud.autoconfigure.ConfigurationPropertiesRebinderAutoConfiguration' of type [org.springframework.cloud.autoconfigure.ConfigurationPropertiesRebinderAutoConfiguration$$EnhancerBySpringCGLIB$$a764ed08] is not eligible for getting processed by all BeanPostProcessors (for example: not eligible for auto-proxying)
2019-09-05 13:34:46.411  INFO 11059 --- [restartedMain] o.s.b.w.embedded.tomcat.TomcatWebServer  : Tomcat initialized with port(s): 6161 (http)
2019-09-05 13:34:46.428  INFO 11059 --- [restartedMain] o.apache.catalina.core.StandardService   : Starting service [Tomcat]
2019-09-05 13:34:46.429  INFO 11059 --- [restartedMain] org.apache.catalina.core.StandardEngine  : Starting Servlet engine: [Apache Tomcat/9.0.22]
2019-09-05 13:34:46.500  INFO 11059 --- [restartedMain] o.a.c.c.C.[Tomcat].[localhost].[/]       : Initializing Spring embedded WebApplicationContext
2019-09-05 13:34:46.500  INFO 11059 --- [restartedMain] o.s.web.context.ContextLoader            : Root WebApplicationContext: initialization completed in 1124 ms
2019-09-05 13:34:46.750  INFO 11059 --- [restartedMain] com.zaxxer.hikari.HikariDataSource       : HikariPool-1 - Starting...
2019-09-05 13:34:46.751  WARN 11059 --- [restartedMain] com.zaxxer.hikari.util.DriverDataSource  : Registered driver with driverClassName=org.hsqldb.jdbcDriver was not found, trying direct instantiation.
2019-09-05 13:34:46.887  INFO 11059 --- [restartedMain] com.zaxxer.hikari.pool.PoolBase          : HikariPool-1 - Driver does not support get/set network timeout for connections. (feature not supported)
2019-09-05 13:34:46.888  INFO 11059 --- [restartedMain] com.zaxxer.hikari.HikariDataSource       : HikariPool-1 - Start completed.
2019-09-05 13:34:46.925  INFO 11059 --- [restartedMain] o.hibernate.jpa.internal.util.LogHelper  : HHH000204: Processing PersistenceUnitInfo [
	name: default
	...]
2019-09-05 13:34:46.957  INFO 11059 --- [restartedMain] org.hibernate.Version                    : HHH000412: Hibernate Core {5.3.10.Final}
2019-09-05 13:34:46.958  INFO 11059 --- [restartedMain] org.hibernate.cfg.Environment            : HHH000206: hibernate.properties not found
2019-09-05 13:34:47.023  INFO 11059 --- [restartedMain] o.hibernate.annotations.common.Version   : HCANN000001: Hibernate Commons Annotations {5.0.4.Final}
2019-09-05 13:34:47.090  INFO 11059 --- [restartedMain] org.hibernate.dialect.Dialect            : HHH000400: Using dialect: org.hibernate.dialect.HSQLDialect
2019-09-05 13:34:47.401  INFO 11059 --- [restartedMain] o.h.t.schema.internal.SchemaCreatorImpl  : HHH000476: Executing import script 'org.hibernate.tool.schema.internal.exec.ScriptSourceInputNonExistentImpl@397fbf79'
2019-09-05 13:34:47.403  INFO 11059 --- [restartedMain] j.LocalContainerEntityManagerFactoryBean : Initialized JPA EntityManagerFactory for persistence unit 'default'
2019-09-05 13:34:47.436  WARN 11059 --- [restartedMain] o.s.b.d.a.OptionalLiveReloadServer       : Unable to start LiveReload server
2019-09-05 13:34:47.465  WARN 11059 --- [restartedMain] c.n.c.sources.URLConfigurationSource     : No URLs will be polled as dynamic configuration sources.
2019-09-05 13:34:47.465  INFO 11059 --- [restartedMain] c.n.c.sources.URLConfigurationSource     : To enable URLs as dynamic configuration sources, define System property archaius.configurationSource.additionalUrls or make config.properties available on classpath.
2019-09-05 13:34:47.468  WARN 11059 --- [restartedMain] c.n.c.sources.URLConfigurationSource     : No URLs will be polled as dynamic configuration sources.
2019-09-05 13:34:47.468  INFO 11059 --- [restartedMain] c.n.c.sources.URLConfigurationSource     : To enable URLs as dynamic configuration sources, define System property archaius.configurationSource.additionalUrls or make config.properties available on classpath.
2019-09-05 13:34:47.830  INFO 11059 --- [restartedMain] o.s.s.concurrent.ThreadPoolTaskExecutor  : Initializing ExecutorService 'applicationTaskExecutor'
2019-09-05 13:34:47.871  WARN 11059 --- [restartedMain] aWebConfiguration$JpaWebMvcConfiguration : spring.jpa.open-in-view is enabled by default. Therefore, database queries may be performed during view rendering. Explicitly configure spring.jpa.open-in-view to disable this warning
2019-09-05 13:34:48.186  INFO 11059 --- [restartedMain] o.s.c.n.eureka.InstanceInfoFactory       : Setting initial instance status as: STARTING
2019-09-05 13:34:48.212  INFO 11059 --- [restartedMain] com.netflix.discovery.DiscoveryClient    : Initializing Eureka in region us-east-1
2019-09-05 13:34:48.457  INFO 11059 --- [restartedMain] c.n.d.provider.DiscoveryJerseyProvider   : Using JSON encoding codec LegacyJacksonJson
2019-09-05 13:34:48.457  INFO 11059 --- [restartedMain] c.n.d.provider.DiscoveryJerseyProvider   : Using JSON decoding codec LegacyJacksonJson
2019-09-05 13:34:48.526  INFO 11059 --- [restartedMain] c.n.d.provider.DiscoveryJerseyProvider   : Using XML encoding codec XStreamXml
2019-09-05 13:34:48.526  INFO 11059 --- [restartedMain] c.n.d.provider.DiscoveryJerseyProvider   : Using XML decoding codec XStreamXml
2019-09-05 13:34:48.657  INFO 11059 --- [restartedMain] c.n.d.s.r.aws.ConfigClusterResolver      : Resolving eureka endpoints via configuration
2019-09-05 13:34:48.668  INFO 11059 --- [restartedMain] com.netflix.discovery.DiscoveryClient    : Disable delta property : false
2019-09-05 13:34:48.668  INFO 11059 --- [restartedMain] com.netflix.discovery.DiscoveryClient    : Single vip registry refresh property : null
2019-09-05 13:34:48.668  INFO 11059 --- [restartedMain] com.netflix.discovery.DiscoveryClient    : Force full registry fetch : false
2019-09-05 13:34:48.668  INFO 11059 --- [restartedMain] com.netflix.discovery.DiscoveryClient    : Application is null : false
2019-09-05 13:34:48.668  INFO 11059 --- [restartedMain] com.netflix.discovery.DiscoveryClient    : Registered Applications size is zero : true
2019-09-05 13:34:48.669  INFO 11059 --- [restartedMain] com.netflix.discovery.DiscoveryClient    : Application version is -1: true
2019-09-05 13:34:48.669  INFO 11059 --- [restartedMain] com.netflix.discovery.DiscoveryClient    : Getting all instance registry info from the eureka server
2019-09-05 13:34:48.779  INFO 11059 --- [restartedMain] com.netflix.discovery.DiscoveryClient    : The response status is 200
2019-09-05 13:34:48.782  INFO 11059 --- [restartedMain] com.netflix.discovery.DiscoveryClient    : Starting heartbeat executor: renew interval is: 30
2019-09-05 13:34:48.784  INFO 11059 --- [restartedMain] c.n.discovery.InstanceInfoReplicator     : InstanceInfoReplicator onDemand update allowed rate per min is 4
2019-09-05 13:34:48.787  INFO 11059 --- [restartedMain] com.netflix.discovery.DiscoveryClient    : Discovery Client initialized at timestamp 1567708488786 with initial instances count: 1
2019-09-05 13:34:48.790  INFO 11059 --- [restartedMain] o.s.c.n.e.s.EurekaServiceRegistry        : Registering application CUSTOMER-SERVICE with eureka with status UP
2019-09-05 13:34:48.791  INFO 11059 --- [restartedMain] com.netflix.discovery.DiscoveryClient    : Saw local status change event StatusChangeEvent [timestamp=1567708488791, current=UP, previous=STARTING]
2019-09-05 13:34:48.792  INFO 11059 --- [DiscoveryClient-InstanceInfoReplicator-0] com.netflix.discovery.DiscoveryClient    : DiscoveryClient_CUSTOMER-SERVICE/192.168.194.23:customer-service:6161: registering service...
2019-09-05 13:34:48.818  INFO 11059 --- [restartedMain] o.s.b.w.embedded.tomcat.TomcatWebServer  : Tomcat started on port(s): 6161 (http) with context path ''
2019-09-05 13:34:48.819  INFO 11059 --- [restartedMain] .s.c.n.e.s.EurekaAutoServiceRegistration : Updating port to 6161
2019-09-05 13:34:48.819  INFO 11059 --- [DiscoveryClient-InstanceInfoReplicator-0] com.netflix.discovery.DiscoveryClient    : DiscoveryClient_CUSTOMER-SERVICE/192.168.194.23:customer-service:6161 - registration status: 204
2019-09-05 13:34:48.821  INFO 11059 --- [restartedMain] c.u.m.CustomerServiceApplication         : Started CustomerServiceApplication in 4.061 seconds (JVM running for 4.451)
2019-09-05 13:39:48.670  INFO 11059 --- [AsyncResolver-bootstrap-executor-0] c.n.d.s.r.aws.ConfigClusterResolver      : Resolving eureka endpoints via configuration
2019-09-05 13:44:48.671  INFO 11059 --- [AsyncResolver-bootstrap-executor-0] c.n.d.s.r.aws.ConfigClusterResolver      : Resolving eureka endpoints via configuration
2019-09-05 13:45:38.064  INFO 11059 --- [Thread-2] o.s.c.n.e.s.EurekaServiceRegistry        : Unregistering application CUSTOMER-SERVICE with eureka with status DOWN
2019-09-05 13:45:38.064  WARN 11059 --- [Thread-2] com.netflix.discovery.DiscoveryClient    : Saw local status change event StatusChangeEvent [timestamp=1567709138064, current=DOWN, previous=UP]
2019-09-05 13:45:38.065  INFO 11059 --- [DiscoveryClient-InstanceInfoReplicator-0] com.netflix.discovery.DiscoveryClient    : DiscoveryClient_CUSTOMER-SERVICE/192.168.194.23:customer-service:6161: registering service...
2019-09-05 13:45:38.070  INFO 11059 --- [Thread-2] o.s.s.concurrent.ThreadPoolTaskExecutor  : Shutting down ExecutorService 'applicationTaskExecutor'
2019-09-05 13:45:38.071  INFO 11059 --- [DiscoveryClient-InstanceInfoReplicator-0] com.netflix.discovery.DiscoveryClient    : DiscoveryClient_CUSTOMER-SERVICE/192.168.194.23:customer-service:6161 - registration status: 204
2019-09-05 13:45:38.073  INFO 11059 --- [Thread-2] j.LocalContainerEntityManagerFactoryBean : Closing JPA EntityManagerFactory for persistence unit 'default'
2019-09-05 13:45:38.073  INFO 11059 --- [Thread-2] .SchemaDropperImpl$DelayedDropActionImpl : HHH000477: Starting delayed evictData of schema as part of SessionFactory shut-down'
2019-09-05 13:45:38.078  INFO 11059 --- [Thread-2] com.netflix.discovery.DiscoveryClient    : Shutting down DiscoveryClient ...
2019-09-05 13:45:41.080  INFO 11059 --- [Thread-2] com.netflix.discovery.DiscoveryClient    : Unregistering ...
2019-09-05 13:45:41.087  INFO 11059 --- [Thread-2] com.netflix.discovery.DiscoveryClient    : DiscoveryClient_CUSTOMER-SERVICE/192.168.194.23:customer-service:6161 - deregister  status: 200
2019-09-05 13:45:41.104  INFO 11059 --- [Thread-2] com.netflix.discovery.DiscoveryClient    : Completed shut down of DiscoveryClient
2019-09-05 13:45:41.104  INFO 11059 --- [Thread-2] com.zaxxer.hikari.HikariDataSource       : HikariPool-1 - Shutdown initiated...
2019-09-05 13:45:41.105  INFO 11059 --- [Thread-2] com.zaxxer.hikari.HikariDataSource       : HikariPool-1 - Shutdown completed.
2019-09-05 13:45:41.382 ERROR 11059 --- [restartedMain] o.s.b.c.l.LoggingApplicationListener     : Cannot set level '' for 'null'
2019-09-05 13:45:41.382 ERROR 11059 --- [restartedMain] o.s.b.c.l.LoggingApplicationListener     : Cannot set level 'FULL' for 'project.user.UserClient'
2019-09-05 13:45:41.385  INFO 11059 --- [restartedMain] c.u.m.CustomerServiceApplication         : No active profile set, falling back to default profiles: default
2019-09-05 13:45:41.577  INFO 11059 --- [restartedMain] .s.d.r.c.RepositoryConfigurationDelegate : Bootstrapping Spring Data repositories in DEFAULT mode.
2019-09-05 13:45:41.582  INFO 11059 --- [restartedMain] .s.d.r.c.RepositoryConfigurationDelegate : Finished Spring Data repository scanning in 5ms. Found 1 repository interfaces.
2019-09-05 13:45:41.626  INFO 11059 --- [restartedMain] o.s.cloud.context.scope.GenericScope     : BeanFactory id=e90fe7c5-7448-3c53-894f-18df6173e305
2019-09-05 13:45:41.643  INFO 11059 --- [restartedMain] trationDelegate$BeanPostProcessorChecker : Bean 'org.springframework.transaction.annotation.ProxyTransactionManagementConfiguration' of type [org.springframework.transaction.annotation.ProxyTransactionManagementConfiguration$$EnhancerBySpringCGLIB$$8b4aea0b] is not eligible for getting processed by all BeanPostProcessors (for example: not eligible for auto-proxying)
2019-09-05 13:45:41.645  INFO 11059 --- [restartedMain] trationDelegate$BeanPostProcessorChecker : Bean 'org.springframework.cloud.autoconfigure.ConfigurationPropertiesRebinderAutoConfiguration' of type [org.springframework.cloud.autoconfigure.ConfigurationPropertiesRebinderAutoConfiguration$$EnhancerBySpringCGLIB$$a764ed08] is not eligible for getting processed by all BeanPostProcessors (for example: not eligible for auto-proxying)
2019-09-05 13:45:41.705  INFO 11059 --- [restartedMain] o.s.b.w.embedded.tomcat.TomcatWebServer  : Tomcat initialized with port(s): 6161 (http)
2019-09-05 13:45:41.706  INFO 11059 --- [restartedMain] o.apache.catalina.core.StandardService   : Starting service [Tomcat]
2019-09-05 13:45:41.706  INFO 11059 --- [restartedMain] org.apache.catalina.core.StandardEngine  : Starting Servlet engine: [Apache Tomcat/9.0.22]
2019-09-05 13:45:41.710  INFO 11059 --- [restartedMain] o.a.c.c.C.[Tomcat].[localhost].[/]       : Initializing Spring embedded WebApplicationContext
2019-09-05 13:45:41.710  INFO 11059 --- [restartedMain] o.s.web.context.ContextLoader            : Root WebApplicationContext: initialization completed in 323 ms
2019-09-05 13:45:41.762 ERROR 11059 --- [restartedMain] com.zaxxer.hikari.HikariConfig           : Failed to load driver class org.h2.Driver from HikariConfig class classloader sun.misc.Launcher$AppClassLoader@764c12b6
2019-09-05 13:45:41.764  WARN 11059 --- [restartedMain] ConfigServletWebServerApplicationContext : Exception encountered during context initialization - cancelling refresh attempt: org.springframework.beans.factory.UnsatisfiedDependencyException: Error creating bean with name 'entityManagerFactory' defined in class path resource [org/springframework/boot/autoconfigure/orm/jpa/HibernateJpaConfiguration.class]: Unsatisfied dependency expressed through method 'entityManagerFactory' parameter 0; nested exception is org.springframework.beans.factory.UnsatisfiedDependencyException: Error creating bean with name 'entityManagerFactoryBuilder' defined in class path resource [org/springframework/boot/autoconfigure/orm/jpa/HibernateJpaConfiguration.class]: Unsatisfied dependency expressed through method 'entityManagerFactoryBuilder' parameter 0; nested exception is org.springframework.beans.factory.BeanCreationException: Error creating bean with name 'jpaVendorAdapter' defined in class path resource [org/springframework/boot/autoconfigure/orm/jpa/HibernateJpaConfiguration.class]: Bean instantiation via factory method failed; nested exception is org.springframework.beans.BeanInstantiationException: Failed to instantiate [org.springframework.orm.jpa.JpaVendorAdapter]: Factory method 'jpaVendorAdapter' threw exception; nested exception is org.springframework.beans.factory.BeanCreationException: Error creating bean with name 'scopedTarget.dataSource' defined in class path resource [org/springframework/boot/autoconfigure/jdbc/DataSourceConfiguration$Hikari.class]: Bean instantiation via factory method failed; nested exception is org.springframework.beans.BeanInstantiationException: Failed to instantiate [com.zaxxer.hikari.HikariDataSource]: Factory method 'dataSource' threw exception; nested exception is org.springframework.boot.context.properties.bind.BindException: Failed to bind properties under '' to com.zaxxer.hikari.HikariDataSource
2019-09-05 13:45:41.764  INFO 11059 --- [restartedMain] o.apache.catalina.core.StandardService   : Stopping service [Tomcat]
2019-09-05 13:45:41.770  INFO 11059 --- [restartedMain] ConditionEvaluationReportLoggingListener : 

Error starting ApplicationContext. To display the conditions report re-run your application with 'debug' enabled.
2019-09-05 13:45:41.773 ERROR 11059 --- [restartedMain] o.s.b.d.LoggingFailureAnalysisReporter   : 

***************************
APPLICATION FAILED TO START
***************************

Description:

Failed to bind properties under '' to com.zaxxer.hikari.HikariDataSource:

    Property: driverclassname
    Value: org.h2.Driver
    Origin: "driverClassName" from property source "source"
    Reason: Failed to load driver class org.h2.Driver in either of HikariConfig class loader or Thread context classloader

Action:

Update your application's configuration

2019-09-05 13:47:02.325 ERROR 11059 --- [restartedMain] o.s.b.c.l.LoggingApplicationListener     : Cannot set level '' for 'null'
2019-09-05 13:47:02.326 ERROR 11059 --- [restartedMain] o.s.b.c.l.LoggingApplicationListener     : Cannot set level 'FULL' for 'project.user.UserClient'
2019-09-05 13:47:02.329  INFO 11059 --- [restartedMain] c.u.m.CustomerServiceApplication         : No active profile set, falling back to default profiles: default
2019-09-05 13:47:02.524  INFO 11059 --- [restartedMain] .s.d.r.c.RepositoryConfigurationDelegate : Bootstrapping Spring Data repositories in DEFAULT mode.
2019-09-05 13:47:02.530  INFO 11059 --- [restartedMain] .s.d.r.c.RepositoryConfigurationDelegate : Finished Spring Data repository scanning in 6ms. Found 1 repository interfaces.
2019-09-05 13:47:02.579  INFO 11059 --- [restartedMain] o.s.cloud.context.scope.GenericScope     : BeanFactory id=e90fe7c5-7448-3c53-894f-18df6173e305
2019-09-05 13:47:02.595  INFO 11059 --- [restartedMain] trationDelegate$BeanPostProcessorChecker : Bean 'org.springframework.transaction.annotation.ProxyTransactionManagementConfiguration' of type [org.springframework.transaction.annotation.ProxyTransactionManagementConfiguration$$EnhancerBySpringCGLIB$$8b4aea0b] is not eligible for getting processed by all BeanPostProcessors (for example: not eligible for auto-proxying)
2019-09-05 13:47:02.597  INFO 11059 --- [restartedMain] trationDelegate$BeanPostProcessorChecker : Bean 'org.springframework.cloud.autoconfigure.ConfigurationPropertiesRebinderAutoConfiguration' of type [org.springframework.cloud.autoconfigure.ConfigurationPropertiesRebinderAutoConfiguration$$EnhancerBySpringCGLIB$$a764ed08] is not eligible for getting processed by all BeanPostProcessors (for example: not eligible for auto-proxying)
2019-09-05 13:47:02.718  INFO 11059 --- [restartedMain] o.s.b.w.embedded.tomcat.TomcatWebServer  : Tomcat initialized with port(s): 6161 (http)
2019-09-05 13:47:02.719  INFO 11059 --- [restartedMain] o.apache.catalina.core.StandardService   : Starting service [Tomcat]
2019-09-05 13:47:02.719  INFO 11059 --- [restartedMain] org.apache.catalina.core.StandardEngine  : Starting Servlet engine: [Apache Tomcat/9.0.22]
2019-09-05 13:47:18.062 ERROR 11716 --- [restartedMain] o.s.b.c.l.LoggingApplicationListener     : Cannot set level '' for 'null'
2019-09-05 13:47:18.063 ERROR 11716 --- [restartedMain] o.s.b.c.l.LoggingApplicationListener     : Cannot set level 'FULL' for 'project.user.UserClient'
2019-09-05 13:47:18.073  INFO 11716 --- [restartedMain] c.u.m.CustomerServiceApplication         : No active profile set, falling back to default profiles: default
2019-09-05 13:47:18.488  INFO 11716 --- [restartedMain] .s.d.r.c.RepositoryConfigurationDelegate : Bootstrapping Spring Data repositories in DEFAULT mode.
2019-09-05 13:47:18.524  INFO 11716 --- [restartedMain] .s.d.r.c.RepositoryConfigurationDelegate : Finished Spring Data repository scanning in 32ms. Found 1 repository interfaces.
2019-09-05 13:47:18.726  INFO 11716 --- [restartedMain] o.s.cloud.context.scope.GenericScope     : BeanFactory id=e90fe7c5-7448-3c53-894f-18df6173e305
2019-09-05 13:47:18.793  INFO 11716 --- [restartedMain] trationDelegate$BeanPostProcessorChecker : Bean 'org.springframework.transaction.annotation.ProxyTransactionManagementConfiguration' of type [org.springframework.transaction.annotation.ProxyTransactionManagementConfiguration$$EnhancerBySpringCGLIB$$dda83d85] is not eligible for getting processed by all BeanPostProcessors (for example: not eligible for auto-proxying)
2019-09-05 13:47:18.807  INFO 11716 --- [restartedMain] trationDelegate$BeanPostProcessorChecker : Bean 'org.springframework.cloud.autoconfigure.ConfigurationPropertiesRebinderAutoConfiguration' of type [org.springframework.cloud.autoconfigure.ConfigurationPropertiesRebinderAutoConfiguration$$EnhancerBySpringCGLIB$$f9c24082] is not eligible for getting processed by all BeanPostProcessors (for example: not eligible for auto-proxying)
2019-09-05 13:47:19.107  INFO 11716 --- [restartedMain] o.s.b.w.embedded.tomcat.TomcatWebServer  : Tomcat initialized with port(s): 6161 (http)
2019-09-05 13:47:19.125  INFO 11716 --- [restartedMain] o.apache.catalina.core.StandardService   : Starting service [Tomcat]
2019-09-05 13:47:19.125  INFO 11716 --- [restartedMain] org.apache.catalina.core.StandardEngine  : Starting Servlet engine: [Apache Tomcat/9.0.22]
2019-09-05 13:47:19.195  INFO 11716 --- [restartedMain] o.a.c.c.C.[Tomcat].[localhost].[/]       : Initializing Spring embedded WebApplicationContext
2019-09-05 13:47:19.195  INFO 11716 --- [restartedMain] o.s.web.context.ContextLoader            : Root WebApplicationContext: initialization completed in 1111 ms
2019-09-05 13:47:19.406 ERROR 11716 --- [restartedMain] com.zaxxer.hikari.HikariConfig           : Failed to load driver class org.h2.Driver from HikariConfig class classloader sun.misc.Launcher$AppClassLoader@764c12b6
2019-09-05 13:47:19.408  WARN 11716 --- [restartedMain] ConfigServletWebServerApplicationContext : Exception encountered during context initialization - cancelling refresh attempt: org.springframework.beans.factory.UnsatisfiedDependencyException: Error creating bean with name 'entityManagerFactory' defined in class path resource [org/springframework/boot/autoconfigure/orm/jpa/HibernateJpaConfiguration.class]: Unsatisfied dependency expressed through method 'entityManagerFactory' parameter 0; nested exception is org.springframework.beans.factory.UnsatisfiedDependencyException: Error creating bean with name 'entityManagerFactoryBuilder' defined in class path resource [org/springframework/boot/autoconfigure/orm/jpa/HibernateJpaConfiguration.class]: Unsatisfied dependency expressed through method 'entityManagerFactoryBuilder' parameter 0; nested exception is org.springframework.beans.factory.BeanCreationException: Error creating bean with name 'jpaVendorAdapter' defined in class path resource [org/springframework/boot/autoconfigure/orm/jpa/HibernateJpaConfiguration.class]: Bean instantiation via factory method failed; nested exception is org.springframework.beans.BeanInstantiationException: Failed to instantiate [org.springframework.orm.jpa.JpaVendorAdapter]: Factory method 'jpaVendorAdapter' threw exception; nested exception is org.springframework.beans.factory.BeanCreationException: Error creating bean with name 'scopedTarget.dataSource' defined in class path resource [org/springframework/boot/autoconfigure/jdbc/DataSourceConfiguration$Hikari.class]: Bean instantiation via factory method failed; nested exception is org.springframework.beans.BeanInstantiationException: Failed to instantiate [com.zaxxer.hikari.HikariDataSource]: Factory method 'dataSource' threw exception; nested exception is org.springframework.boot.context.properties.bind.BindException: Failed to bind properties under '' to com.zaxxer.hikari.HikariDataSource
2019-09-05 13:47:19.411  INFO 11716 --- [restartedMain] o.apache.catalina.core.StandardService   : Stopping service [Tomcat]
2019-09-05 13:47:19.424  INFO 11716 --- [restartedMain] ConditionEvaluationReportLoggingListener : 

Error starting ApplicationContext. To display the conditions report re-run your application with 'debug' enabled.
2019-09-05 13:47:19.428 ERROR 11716 --- [restartedMain] o.s.b.d.LoggingFailureAnalysisReporter   : 

***************************
APPLICATION FAILED TO START
***************************

Description:

Failed to bind properties under '' to com.zaxxer.hikari.HikariDataSource:

    Property: driverclassname
    Value: org.h2.Driver
    Origin: "driverClassName" from property source "source"
    Reason: Failed to load driver class org.h2.Driver in either of HikariConfig class loader or Thread context classloader

Action:

Update your application's configuration

2019-09-05 13:48:19.560 ERROR 11826 --- [restartedMain] o.s.b.c.l.LoggingApplicationListener     : Cannot set level '' for 'null'
2019-09-05 13:48:19.560 ERROR 11826 --- [restartedMain] o.s.b.c.l.LoggingApplicationListener     : Cannot set level 'FULL' for 'project.user.UserClient'
2019-09-05 13:48:19.570  INFO 11826 --- [restartedMain] c.u.m.CustomerServiceApplication         : No active profile set, falling back to default profiles: default
2019-09-05 13:48:19.970  INFO 11826 --- [restartedMain] .s.d.r.c.RepositoryConfigurationDelegate : Bootstrapping Spring Data repositories in DEFAULT mode.
2019-09-05 13:48:20.007  INFO 11826 --- [restartedMain] .s.d.r.c.RepositoryConfigurationDelegate : Finished Spring Data repository scanning in 32ms. Found 1 repository interfaces.
2019-09-05 13:48:20.204  INFO 11826 --- [restartedMain] o.s.cloud.context.scope.GenericScope     : BeanFactory id=e90fe7c5-7448-3c53-894f-18df6173e305
2019-09-05 13:48:20.289  INFO 11826 --- [restartedMain] trationDelegate$BeanPostProcessorChecker : Bean 'org.springframework.transaction.annotation.ProxyTransactionManagementConfiguration' of type [org.springframework.transaction.annotation.ProxyTransactionManagementConfiguration$$EnhancerBySpringCGLIB$$7d6a0574] is not eligible for getting processed by all BeanPostProcessors (for example: not eligible for auto-proxying)
2019-09-05 13:48:20.304  INFO 11826 --- [restartedMain] trationDelegate$BeanPostProcessorChecker : Bean 'org.springframework.cloud.autoconfigure.ConfigurationPropertiesRebinderAutoConfiguration' of type [org.springframework.cloud.autoconfigure.ConfigurationPropertiesRebinderAutoConfiguration$$EnhancerBySpringCGLIB$$99840871] is not eligible for getting processed by all BeanPostProcessors (for example: not eligible for auto-proxying)
2019-09-05 13:48:20.605  INFO 11826 --- [restartedMain] o.s.b.w.embedded.tomcat.TomcatWebServer  : Tomcat initialized with port(s): 6161 (http)
2019-09-05 13:48:20.621  INFO 11826 --- [restartedMain] o.apache.catalina.core.StandardService   : Starting service [Tomcat]
2019-09-05 13:48:20.622  INFO 11826 --- [restartedMain] org.apache.catalina.core.StandardEngine  : Starting Servlet engine: [Apache Tomcat/9.0.22]
2019-09-05 13:48:20.693  INFO 11826 --- [restartedMain] o.a.c.c.C.[Tomcat].[localhost].[/]       : Initializing Spring embedded WebApplicationContext
2019-09-05 13:48:20.693  INFO 11826 --- [restartedMain] o.s.web.context.ContextLoader            : Root WebApplicationContext: initialization completed in 1113 ms
2019-09-05 13:48:20.878 ERROR 11826 --- [restartedMain] com.zaxxer.hikari.HikariConfig           : Failed to load driver class org.h2.Driver from HikariConfig class classloader sun.misc.Launcher$AppClassLoader@764c12b6
2019-09-05 13:48:20.880  WARN 11826 --- [restartedMain] ConfigServletWebServerApplicationContext : Exception encountered during context initialization - cancelling refresh attempt: org.springframework.beans.factory.UnsatisfiedDependencyException: Error creating bean with name 'entityManagerFactory' defined in class path resource [org/springframework/boot/autoconfigure/orm/jpa/HibernateJpaConfiguration.class]: Unsatisfied dependency expressed through method 'entityManagerFactory' parameter 0; nested exception is org.springframework.beans.factory.UnsatisfiedDependencyException: Error creating bean with name 'entityManagerFactoryBuilder' defined in class path resource [org/springframework/boot/autoconfigure/orm/jpa/HibernateJpaConfiguration.class]: Unsatisfied dependency expressed through method 'entityManagerFactoryBuilder' parameter 0; nested exception is org.springframework.beans.factory.BeanCreationException: Error creating bean with name 'jpaVendorAdapter' defined in class path resource [org/springframework/boot/autoconfigure/orm/jpa/HibernateJpaConfiguration.class]: Bean instantiation via factory method failed; nested exception is org.springframework.beans.BeanInstantiationException: Failed to instantiate [org.springframework.orm.jpa.JpaVendorAdapter]: Factory method 'jpaVendorAdapter' threw exception; nested exception is org.springframework.beans.factory.BeanCreationException: Error creating bean with name 'scopedTarget.dataSource' defined in class path resource [org/springframework/boot/autoconfigure/jdbc/DataSourceConfiguration$Hikari.class]: Bean instantiation via factory method failed; nested exception is org.springframework.beans.BeanInstantiationException: Failed to instantiate [com.zaxxer.hikari.HikariDataSource]: Factory method 'dataSource' threw exception; nested exception is org.springframework.boot.context.properties.bind.BindException: Failed to bind properties under '' to com.zaxxer.hikari.HikariDataSource
2019-09-05 13:48:20.883  INFO 11826 --- [restartedMain] o.apache.catalina.core.StandardService   : Stopping service [Tomcat]
2019-09-05 13:48:20.893  INFO 11826 --- [restartedMain] ConditionEvaluationReportLoggingListener : 

Error starting ApplicationContext. To display the conditions report re-run your application with 'debug' enabled.
2019-09-05 13:48:20.896 ERROR 11826 --- [restartedMain] o.s.b.d.LoggingFailureAnalysisReporter   : 

***************************
APPLICATION FAILED TO START
***************************

Description:

Failed to bind properties under '' to com.zaxxer.hikari.HikariDataSource:

    Property: driverclassname
    Value: org.h2.Driver
    Origin: "driverClassName" from property source "source"
    Reason: Failed to load driver class org.h2.Driver in either of HikariConfig class loader or Thread context classloader

Action:

Update your application's configuration

2019-09-05 13:49:55.993 ERROR 11986 --- [restartedMain] o.s.b.c.l.LoggingApplicationListener     : Cannot set level '' for 'null'
2019-09-05 13:49:55.994 ERROR 11986 --- [restartedMain] o.s.b.c.l.LoggingApplicationListener     : Cannot set level 'FULL' for 'project.user.UserClient'
2019-09-05 13:49:56.004  INFO 11986 --- [restartedMain] c.u.m.CustomerServiceApplication         : No active profile set, falling back to default profiles: default
2019-09-05 13:49:56.411  INFO 11986 --- [restartedMain] .s.d.r.c.RepositoryConfigurationDelegate : Bootstrapping Spring Data repositories in DEFAULT mode.
2019-09-05 13:49:56.454  INFO 11986 --- [restartedMain] .s.d.r.c.RepositoryConfigurationDelegate : Finished Spring Data repository scanning in 37ms. Found 1 repository interfaces.
2019-09-05 13:49:56.683  INFO 11986 --- [restartedMain] o.s.cloud.context.scope.GenericScope     : BeanFactory id=e90fe7c5-7448-3c53-894f-18df6173e305
2019-09-05 13:49:56.753  INFO 11986 --- [restartedMain] trationDelegate$BeanPostProcessorChecker : Bean 'org.springframework.transaction.annotation.ProxyTransactionManagementConfiguration' of type [org.springframework.transaction.annotation.ProxyTransactionManagementConfiguration$$EnhancerBySpringCGLIB$$c51f4bd5] is not eligible for getting processed by all BeanPostProcessors (for example: not eligible for auto-proxying)
2019-09-05 13:49:56.766  INFO 11986 --- [restartedMain] trationDelegate$BeanPostProcessorChecker : Bean 'org.springframework.cloud.autoconfigure.ConfigurationPropertiesRebinderAutoConfiguration' of type [org.springframework.cloud.autoconfigure.ConfigurationPropertiesRebinderAutoConfiguration$$EnhancerBySpringCGLIB$$e1394ed2] is not eligible for getting processed by all BeanPostProcessors (for example: not eligible for auto-proxying)
2019-09-05 13:49:57.071  INFO 11986 --- [restartedMain] o.s.b.w.embedded.tomcat.TomcatWebServer  : Tomcat initialized with port(s): 6161 (http)
2019-09-05 13:49:57.087  INFO 11986 --- [restartedMain] o.apache.catalina.core.StandardService   : Starting service [Tomcat]
2019-09-05 13:49:57.087  INFO 11986 --- [restartedMain] org.apache.catalina.core.StandardEngine  : Starting Servlet engine: [Apache Tomcat/9.0.22]
2019-09-05 13:49:57.159  INFO 11986 --- [restartedMain] o.a.c.c.C.[Tomcat].[localhost].[/]       : Initializing Spring embedded WebApplicationContext
2019-09-05 13:49:57.159  INFO 11986 --- [restartedMain] o.s.web.context.ContextLoader            : Root WebApplicationContext: initialization completed in 1144 ms
2019-09-05 13:49:57.353 ERROR 11986 --- [restartedMain] com.zaxxer.hikari.HikariConfig           : Failed to load driver class org.h2.Driver from HikariConfig class classloader sun.misc.Launcher$AppClassLoader@764c12b6
2019-09-05 13:49:57.356  WARN 11986 --- [restartedMain] ConfigServletWebServerApplicationContext : Exception encountered during context initialization - cancelling refresh attempt: org.springframework.beans.factory.UnsatisfiedDependencyException: Error creating bean with name 'entityManagerFactory' defined in class path resource [org/springframework/boot/autoconfigure/orm/jpa/HibernateJpaConfiguration.class]: Unsatisfied dependency expressed through method 'entityManagerFactory' parameter 0; nested exception is org.springframework.beans.factory.UnsatisfiedDependencyException: Error creating bean with name 'entityManagerFactoryBuilder' defined in class path resource [org/springframework/boot/autoconfigure/orm/jpa/HibernateJpaConfiguration.class]: Unsatisfied dependency expressed through method 'entityManagerFactoryBuilder' parameter 0; nested exception is org.springframework.beans.factory.BeanCreationException: Error creating bean with name 'jpaVendorAdapter' defined in class path resource [org/springframework/boot/autoconfigure/orm/jpa/HibernateJpaConfiguration.class]: Bean instantiation via factory method failed; nested exception is org.springframework.beans.BeanInstantiationException: Failed to instantiate [org.springframework.orm.jpa.JpaVendorAdapter]: Factory method 'jpaVendorAdapter' threw exception; nested exception is org.springframework.beans.factory.BeanCreationException: Error creating bean with name 'scopedTarget.dataSource' defined in class path resource [org/springframework/boot/autoconfigure/jdbc/DataSourceConfiguration$Hikari.class]: Bean instantiation via factory method failed; nested exception is org.springframework.beans.BeanInstantiationException: Failed to instantiate [com.zaxxer.hikari.HikariDataSource]: Factory method 'dataSource' threw exception; nested exception is org.springframework.boot.context.properties.bind.BindException: Failed to bind properties under '' to com.zaxxer.hikari.HikariDataSource
2019-09-05 13:49:57.358  INFO 11986 --- [restartedMain] o.apache.catalina.core.StandardService   : Stopping service [Tomcat]
2019-09-05 13:49:57.369  INFO 11986 --- [restartedMain] ConditionEvaluationReportLoggingListener : 

Error starting ApplicationContext. To display the conditions report re-run your application with 'debug' enabled.
2019-09-05 13:49:57.372 ERROR 11986 --- [restartedMain] o.s.b.d.LoggingFailureAnalysisReporter   : 

***************************
APPLICATION FAILED TO START
***************************

Description:

Failed to bind properties under '' to com.zaxxer.hikari.HikariDataSource:

    Property: driverclassname
    Value: org.h2.Driver
    Origin: "driverClassName" from property source "source"
    Reason: Failed to load driver class org.h2.Driver in either of HikariConfig class loader or Thread context classloader

Action:

Update your application's configuration

2019-09-05 13:50:36.956 ERROR 12054 --- [restartedMain] o.s.b.c.l.LoggingApplicationListener     : Cannot set level '' for 'null'
2019-09-05 13:50:36.956 ERROR 12054 --- [restartedMain] o.s.b.c.l.LoggingApplicationListener     : Cannot set level 'FULL' for 'project.user.UserClient'
2019-09-05 13:50:36.966  INFO 12054 --- [restartedMain] c.u.m.CustomerServiceApplication         : No active profile set, falling back to default profiles: default
2019-09-05 13:50:37.373  INFO 12054 --- [restartedMain] .s.d.r.c.RepositoryConfigurationDelegate : Bootstrapping Spring Data repositories in DEFAULT mode.
2019-09-05 13:50:37.412  INFO 12054 --- [restartedMain] .s.d.r.c.RepositoryConfigurationDelegate : Finished Spring Data repository scanning in 35ms. Found 1 repository interfaces.
2019-09-05 13:50:37.617  INFO 12054 --- [restartedMain] o.s.cloud.context.scope.GenericScope     : BeanFactory id=e90fe7c5-7448-3c53-894f-18df6173e305
2019-09-05 13:50:37.687  INFO 12054 --- [restartedMain] trationDelegate$BeanPostProcessorChecker : Bean 'org.springframework.transaction.annotation.ProxyTransactionManagementConfiguration' of type [org.springframework.transaction.annotation.ProxyTransactionManagementConfiguration$$EnhancerBySpringCGLIB$$cac7d15b] is not eligible for getting processed by all BeanPostProcessors (for example: not eligible for auto-proxying)
2019-09-05 13:50:37.701  INFO 12054 --- [restartedMain] trationDelegate$BeanPostProcessorChecker : Bean 'org.springframework.cloud.autoconfigure.ConfigurationPropertiesRebinderAutoConfiguration' of type [org.springframework.cloud.autoconfigure.ConfigurationPropertiesRebinderAutoConfiguration$$EnhancerBySpringCGLIB$$e6e1d458] is not eligible for getting processed by all BeanPostProcessors (for example: not eligible for auto-proxying)
2019-09-05 13:50:38.007  INFO 12054 --- [restartedMain] o.s.b.w.embedded.tomcat.TomcatWebServer  : Tomcat initialized with port(s): 6161 (http)
2019-09-05 13:50:38.024  INFO 12054 --- [restartedMain] o.apache.catalina.core.StandardService   : Starting service [Tomcat]
2019-09-05 13:50:38.024  INFO 12054 --- [restartedMain] org.apache.catalina.core.StandardEngine  : Starting Servlet engine: [Apache Tomcat/9.0.22]
2019-09-05 13:50:38.110  INFO 12054 --- [restartedMain] o.a.c.c.C.[Tomcat].[localhost].[/]       : Initializing Spring embedded WebApplicationContext
2019-09-05 13:50:38.110  INFO 12054 --- [restartedMain] o.s.web.context.ContextLoader            : Root WebApplicationContext: initialization completed in 1134 ms
2019-09-05 13:50:38.298 ERROR 12054 --- [restartedMain] com.zaxxer.hikari.HikariConfig           : Failed to load driver class org.h2.Driver from HikariConfig class classloader sun.misc.Launcher$AppClassLoader@764c12b6
2019-09-05 13:50:38.301  WARN 12054 --- [restartedMain] ConfigServletWebServerApplicationContext : Exception encountered during context initialization - cancelling refresh attempt: org.springframework.beans.factory.UnsatisfiedDependencyException: Error creating bean with name 'entityManagerFactory' defined in class path resource [org/springframework/boot/autoconfigure/orm/jpa/HibernateJpaConfiguration.class]: Unsatisfied dependency expressed through method 'entityManagerFactory' parameter 0; nested exception is org.springframework.beans.factory.UnsatisfiedDependencyException: Error creating bean with name 'entityManagerFactoryBuilder' defined in class path resource [org/springframework/boot/autoconfigure/orm/jpa/HibernateJpaConfiguration.class]: Unsatisfied dependency expressed through method 'entityManagerFactoryBuilder' parameter 0; nested exception is org.springframework.beans.factory.BeanCreationException: Error creating bean with name 'jpaVendorAdapter' defined in class path resource [org/springframework/boot/autoconfigure/orm/jpa/HibernateJpaConfiguration.class]: Bean instantiation via factory method failed; nested exception is org.springframework.beans.BeanInstantiationException: Failed to instantiate [org.springframework.orm.jpa.JpaVendorAdapter]: Factory method 'jpaVendorAdapter' threw exception; nested exception is org.springframework.beans.factory.BeanCreationException: Error creating bean with name 'scopedTarget.dataSource' defined in class path resource [org/springframework/boot/autoconfigure/jdbc/DataSourceConfiguration$Hikari.class]: Bean instantiation via factory method failed; nested exception is org.springframework.beans.BeanInstantiationException: Failed to instantiate [com.zaxxer.hikari.HikariDataSource]: Factory method 'dataSource' threw exception; nested exception is org.springframework.boot.context.properties.bind.BindException: Failed to bind properties under '' to com.zaxxer.hikari.HikariDataSource
2019-09-05 13:50:38.303  INFO 12054 --- [restartedMain] o.apache.catalina.core.StandardService   : Stopping service [Tomcat]
2019-09-05 13:50:38.313  INFO 12054 --- [restartedMain] ConditionEvaluationReportLoggingListener : 

Error starting ApplicationContext. To display the conditions report re-run your application with 'debug' enabled.
2019-09-05 13:50:38.317 ERROR 12054 --- [restartedMain] o.s.b.d.LoggingFailureAnalysisReporter   : 

***************************
APPLICATION FAILED TO START
***************************

Description:

Failed to bind properties under '' to com.zaxxer.hikari.HikariDataSource:

    Property: driverclassname
    Value: org.h2.Driver
    Origin: "driverClassName" from property source "source"
    Reason: Failed to load driver class org.h2.Driver in either of HikariConfig class loader or Thread context classloader

Action:

Update your application's configuration

2019-09-05 13:51:41.092 ERROR 12275 --- [restartedMain] o.s.b.c.l.LoggingApplicationListener     : Cannot set level '' for 'null'
2019-09-05 13:51:41.092 ERROR 12275 --- [restartedMain] o.s.b.c.l.LoggingApplicationListener     : Cannot set level 'FULL' for 'project.user.UserClient'
2019-09-05 13:51:41.102  INFO 12275 --- [restartedMain] c.u.m.CustomerServiceApplication         : No active profile set, falling back to default profiles: default
2019-09-05 13:51:41.508  INFO 12275 --- [restartedMain] .s.d.r.c.RepositoryConfigurationDelegate : Bootstrapping Spring Data repositories in DEFAULT mode.
2019-09-05 13:51:41.544  INFO 12275 --- [restartedMain] .s.d.r.c.RepositoryConfigurationDelegate : Finished Spring Data repository scanning in 32ms. Found 1 repository interfaces.
2019-09-05 13:51:41.739  INFO 12275 --- [restartedMain] o.s.cloud.context.scope.GenericScope     : BeanFactory id=e90fe7c5-7448-3c53-894f-18df6173e305
2019-09-05 13:51:41.810  INFO 12275 --- [restartedMain] trationDelegate$BeanPostProcessorChecker : Bean 'org.springframework.transaction.annotation.ProxyTransactionManagementConfiguration' of type [org.springframework.transaction.annotation.ProxyTransactionManagementConfiguration$$EnhancerBySpringCGLIB$$b934b4bf] is not eligible for getting processed by all BeanPostProcessors (for example: not eligible for auto-proxying)
2019-09-05 13:51:41.824  INFO 12275 --- [restartedMain] trationDelegate$BeanPostProcessorChecker : Bean 'org.springframework.cloud.autoconfigure.ConfigurationPropertiesRebinderAutoConfiguration' of type [org.springframework.cloud.autoconfigure.ConfigurationPropertiesRebinderAutoConfiguration$$EnhancerBySpringCGLIB$$d54eb7bc] is not eligible for getting processed by all BeanPostProcessors (for example: not eligible for auto-proxying)
2019-09-05 13:51:42.170  INFO 12275 --- [restartedMain] o.s.b.w.embedded.tomcat.TomcatWebServer  : Tomcat initialized with port(s): 6161 (http)
2019-09-05 13:51:42.188  INFO 12275 --- [restartedMain] o.apache.catalina.core.StandardService   : Starting service [Tomcat]
2019-09-05 13:51:42.188  INFO 12275 --- [restartedMain] org.apache.catalina.core.StandardEngine  : Starting Servlet engine: [Apache Tomcat/9.0.22]
2019-09-05 13:51:42.256  INFO 12275 --- [restartedMain] o.a.c.c.C.[Tomcat].[localhost].[/]       : Initializing Spring embedded WebApplicationContext
2019-09-05 13:51:42.257  INFO 12275 --- [restartedMain] o.s.web.context.ContextLoader            : Root WebApplicationContext: initialization completed in 1144 ms
2019-09-05 13:51:42.431 ERROR 12275 --- [restartedMain] com.zaxxer.hikari.HikariConfig           : Failed to load driver class org.h2.Driver from HikariConfig class classloader sun.misc.Launcher$AppClassLoader@764c12b6
2019-09-05 13:51:42.433  WARN 12275 --- [restartedMain] ConfigServletWebServerApplicationContext : Exception encountered during context initialization - cancelling refresh attempt: org.springframework.beans.factory.UnsatisfiedDependencyException: Error creating bean with name 'entityManagerFactory' defined in class path resource [org/springframework/boot/autoconfigure/orm/jpa/HibernateJpaConfiguration.class]: Unsatisfied dependency expressed through method 'entityManagerFactory' parameter 0; nested exception is org.springframework.beans.factory.UnsatisfiedDependencyException: Error creating bean with name 'entityManagerFactoryBuilder' defined in class path resource [org/springframework/boot/autoconfigure/orm/jpa/HibernateJpaConfiguration.class]: Unsatisfied dependency expressed through method 'entityManagerFactoryBuilder' parameter 0; nested exception is org.springframework.beans.factory.BeanCreationException: Error creating bean with name 'jpaVendorAdapter' defined in class path resource [org/springframework/boot/autoconfigure/orm/jpa/HibernateJpaConfiguration.class]: Bean instantiation via factory method failed; nested exception is org.springframework.beans.BeanInstantiationException: Failed to instantiate [org.springframework.orm.jpa.JpaVendorAdapter]: Factory method 'jpaVendorAdapter' threw exception; nested exception is org.springframework.beans.factory.BeanCreationException: Error creating bean with name 'scopedTarget.dataSource' defined in class path resource [org/springframework/boot/autoconfigure/jdbc/DataSourceConfiguration$Hikari.class]: Bean instantiation via factory method failed; nested exception is org.springframework.beans.BeanInstantiationException: Failed to instantiate [com.zaxxer.hikari.HikariDataSource]: Factory method 'dataSource' threw exception; nested exception is org.springframework.boot.context.properties.bind.BindException: Failed to bind properties under '' to com.zaxxer.hikari.HikariDataSource
2019-09-05 13:51:42.435  INFO 12275 --- [restartedMain] o.apache.catalina.core.StandardService   : Stopping service [Tomcat]
2019-09-05 13:51:42.446  INFO 12275 --- [restartedMain] ConditionEvaluationReportLoggingListener : 

Error starting ApplicationContext. To display the conditions report re-run your application with 'debug' enabled.
2019-09-05 13:51:42.449 ERROR 12275 --- [restartedMain] o.s.b.d.LoggingFailureAnalysisReporter   : 

***************************
APPLICATION FAILED TO START
***************************

Description:

Failed to bind properties under '' to com.zaxxer.hikari.HikariDataSource:

    Property: driverclassname
    Value: org.h2.Driver
    Origin: "driverClassName" from property source "source"
    Reason: Failed to load driver class org.h2.Driver in either of HikariConfig class loader or Thread context classloader

Action:

Update your application's configuration

